This file contains any messages produced by compilers while
running configure, to aid debugging if configure makes a mistake.

It was created by watchman configure 4.7.0, which was
generated by GNU Autoconf 2.69.  Invocation command line was

  $ ./configure 

## --------- ##
## Platform. ##
## --------- ##

hostname = jonam-Vostro-15-3568
uname -m = x86_64
uname -r = 4.4.0-104-generic
uname -s = Linux
uname -v = #127-Ubuntu SMP Mon Dec 11 12:16:42 UTC 2017

/usr/bin/uname -p = unknown
/bin/uname -X     = unknown

/bin/arch              = unknown
/usr/bin/arch -k       = unknown
/usr/convex/getsysinfo = unknown
/usr/bin/hostinfo      = unknown
/bin/machine           = unknown
/usr/bin/oslevel       = unknown
/bin/universe          = unknown

PATH: /usr/local/sbin
PATH: /usr/local/bin
PATH: /usr/sbin
PATH: /usr/bin
PATH: /sbin
PATH: /bin
PATH: /usr/games
PATH: /usr/local/games
PATH: /snap/bin
PATH: /usr/lib/jvm/java-8-oracle/bin
PATH: /usr/lib/jvm/java-8-oracle/db/bin
PATH: /usr/lib/jvm/java-8-oracle/jre/bin


## ----------- ##
## Core tests. ##
## ----------- ##

configure:2356: checking build system type
configure:2370: result: x86_64-pc-linux-gnu
configure:2390: checking host system type
configure:2403: result: x86_64-pc-linux-gnu
configure:2423: checking target system type
configure:2436: result: x86_64-pc-linux-gnu
configure:2478: checking for a BSD-compatible install
configure:2546: result: /usr/bin/install -c
configure:2557: checking whether build environment is sane
configure:2612: result: yes
configure:2763: checking for a thread-safe mkdir -p
configure:2802: result: /bin/mkdir -p
configure:2809: checking for gawk
configure:2825: found /usr/bin/gawk
configure:2836: result: gawk
configure:2847: checking whether make sets $(MAKE)
configure:2869: result: yes
configure:2898: checking whether make supports nested variables
configure:2915: result: yes
configure:3052: checking whether make supports nested variables
configure:3069: result: yes
configure:3140: checking for gcc
configure:3156: found /usr/bin/gcc
configure:3167: result: gcc
configure:3396: checking for C compiler version
configure:3405: gcc --version >&5
gcc (Ubuntu 5.4.0-6ubuntu1~16.04.4) 5.4.0 20160609
Copyright (C) 2015 Free Software Foundation, Inc.
This is free software; see the source for copying conditions.  There is NO
warranty; not even for MERCHANTABILITY or FITNESS FOR A PARTICULAR PURPOSE.

configure:3416: $? = 0
configure:3405: gcc -v >&5
Using built-in specs.
COLLECT_GCC=gcc
COLLECT_LTO_WRAPPER=/usr/lib/gcc/x86_64-linux-gnu/5/lto-wrapper
Target: x86_64-linux-gnu
Configured with: ../src/configure -v --with-pkgversion='Ubuntu 5.4.0-6ubuntu1~16.04.4' --with-bugurl=file:///usr/share/doc/gcc-5/README.Bugs --enable-languages=c,ada,c++,java,go,d,fortran,objc,obj-c++ --prefix=/usr --program-suffix=-5 --enable-shared --enable-linker-build-id --libexecdir=/usr/lib --without-included-gettext --enable-threads=posix --libdir=/usr/lib --enable-nls --with-sysroot=/ --enable-clocale=gnu --enable-libstdcxx-debug --enable-libstdcxx-time=yes --with-default-libstdcxx-abi=new --enable-gnu-unique-object --disable-vtable-verify --enable-libmpx --enable-plugin --with-system-zlib --disable-browser-plugin --enable-java-awt=gtk --enable-gtk-cairo --with-java-home=/usr/lib/jvm/java-1.5.0-gcj-5-amd64/jre --enable-java-home --with-jvm-root-dir=/usr/lib/jvm/java-1.5.0-gcj-5-amd64 --with-jvm-jar-dir=/usr/lib/jvm-exports/java-1.5.0-gcj-5-amd64 --with-arch-directory=amd64 --with-ecj-jar=/usr/share/java/eclipse-ecj.jar --enable-objc-gc --enable-multiarch --disable-werror --with-arch-32=i686 --with-abi=m64 --with-multilib-list=m32,m64,mx32 --enable-multilib --with-tune=generic --enable-checking=release --build=x86_64-linux-gnu --host=x86_64-linux-gnu --target=x86_64-linux-gnu
Thread model: posix
gcc version 5.4.0 20160609 (Ubuntu 5.4.0-6ubuntu1~16.04.4) 
configure:3416: $? = 0
configure:3405: gcc -V >&5
gcc: error: unrecognized command line option '-V'
gcc: fatal error: no input files
compilation terminated.
configure:3416: $? = 1
configure:3405: gcc -qversion >&5
gcc: error: unrecognized command line option '-qversion'
gcc: fatal error: no input files
compilation terminated.
configure:3416: $? = 1
configure:3436: checking whether the C compiler works
configure:3458: gcc   -D_REENTRANT -D_FILE_OFFSET_BITS=64 -D_LARGEFILE_SOURCE  conftest.c  >&5
configure:3462: $? = 0
configure:3510: result: yes
configure:3513: checking for C compiler default output file name
configure:3515: result: a.out
configure:3521: checking for suffix of executables
configure:3528: gcc -o conftest   -D_REENTRANT -D_FILE_OFFSET_BITS=64 -D_LARGEFILE_SOURCE  conftest.c  >&5
configure:3532: $? = 0
configure:3554: result: 
configure:3576: checking whether we are cross compiling
configure:3584: gcc -o conftest   -D_REENTRANT -D_FILE_OFFSET_BITS=64 -D_LARGEFILE_SOURCE  conftest.c  >&5
configure:3588: $? = 0
configure:3595: ./conftest
configure:3599: $? = 0
configure:3614: result: no
configure:3619: checking for suffix of object files
configure:3641: gcc -c   -D_REENTRANT -D_FILE_OFFSET_BITS=64 -D_LARGEFILE_SOURCE conftest.c >&5
configure:3645: $? = 0
configure:3666: result: o
configure:3670: checking whether we are using the GNU C compiler
configure:3689: gcc -c   -D_REENTRANT -D_FILE_OFFSET_BITS=64 -D_LARGEFILE_SOURCE conftest.c >&5
configure:3689: $? = 0
configure:3698: result: yes
configure:3707: checking whether gcc accepts -g
configure:3727: gcc -c -g  -D_REENTRANT -D_FILE_OFFSET_BITS=64 -D_LARGEFILE_SOURCE conftest.c >&5
configure:3727: $? = 0
configure:3768: result: yes
configure:3785: checking for gcc option to accept ISO C89
configure:3848: gcc  -c -g -O2  -D_REENTRANT -D_FILE_OFFSET_BITS=64 -D_LARGEFILE_SOURCE conftest.c >&5
configure:3848: $? = 0
configure:3861: result: none needed
configure:3886: checking whether gcc understands -c and -o together
configure:3908: gcc -c conftest.c -o conftest2.o
configure:3911: $? = 0
configure:3908: gcc -c conftest.c -o conftest2.o
configure:3911: $? = 0
configure:3923: result: yes
configure:3951: checking for style of include used by make
configure:3979: result: GNU
configure:4005: checking dependency style of gcc
configure:4116: result: gcc3
configure:4136: checking how to run the C preprocessor
configure:4167: gcc -E  -D_REENTRANT -D_FILE_OFFSET_BITS=64 -D_LARGEFILE_SOURCE conftest.c
configure:4167: $? = 0
configure:4181: gcc -E  -D_REENTRANT -D_FILE_OFFSET_BITS=64 -D_LARGEFILE_SOURCE conftest.c
conftest.c:11:28: fatal error: ac_nonexistent.h: No such file or directory
compilation terminated.
configure:4181: $? = 1
configure: failed program was:
| /* confdefs.h */
| #define PACKAGE_NAME "watchman"
| #define PACKAGE_TARNAME "watchman"
| #define PACKAGE_VERSION "4.7.0"
| #define PACKAGE_STRING "watchman 4.7.0"
| #define PACKAGE_BUGREPORT ""
| #define PACKAGE_URL ""
| #define PACKAGE "watchman"
| #define VERSION "4.7.0"
| /* end confdefs.h.  */
| #include <ac_nonexistent.h>
configure:4206: result: gcc -E
configure:4226: gcc -E  -D_REENTRANT -D_FILE_OFFSET_BITS=64 -D_LARGEFILE_SOURCE conftest.c
configure:4226: $? = 0
configure:4240: gcc -E  -D_REENTRANT -D_FILE_OFFSET_BITS=64 -D_LARGEFILE_SOURCE conftest.c
conftest.c:11:28: fatal error: ac_nonexistent.h: No such file or directory
compilation terminated.
configure:4240: $? = 1
configure: failed program was:
| /* confdefs.h */
| #define PACKAGE_NAME "watchman"
| #define PACKAGE_TARNAME "watchman"
| #define PACKAGE_VERSION "4.7.0"
| #define PACKAGE_STRING "watchman 4.7.0"
| #define PACKAGE_BUGREPORT ""
| #define PACKAGE_URL ""
| #define PACKAGE "watchman"
| #define VERSION "4.7.0"
| /* end confdefs.h.  */
| #include <ac_nonexistent.h>
configure:4270: checking for grep that handles long lines and -e
configure:4328: result: /bin/grep
configure:4333: checking for egrep
configure:4395: result: /bin/grep -E
configure:4400: checking for ANSI C header files
configure:4420: gcc -c -g -O2  -D_REENTRANT -D_FILE_OFFSET_BITS=64 -D_LARGEFILE_SOURCE conftest.c >&5
configure:4420: $? = 0
configure:4493: gcc -o conftest -g -O2  -D_REENTRANT -D_FILE_OFFSET_BITS=64 -D_LARGEFILE_SOURCE  conftest.c  >&5
configure:4493: $? = 0
configure:4493: ./conftest
configure:4493: $? = 0
configure:4504: result: yes
configure:4517: checking for sys/types.h
configure:4517: gcc -c -g -O2  -D_REENTRANT -D_FILE_OFFSET_BITS=64 -D_LARGEFILE_SOURCE conftest.c >&5
configure:4517: $? = 0
configure:4517: result: yes
configure:4517: checking for sys/stat.h
configure:4517: gcc -c -g -O2  -D_REENTRANT -D_FILE_OFFSET_BITS=64 -D_LARGEFILE_SOURCE conftest.c >&5
configure:4517: $? = 0
configure:4517: result: yes
configure:4517: checking for stdlib.h
configure:4517: gcc -c -g -O2  -D_REENTRANT -D_FILE_OFFSET_BITS=64 -D_LARGEFILE_SOURCE conftest.c >&5
configure:4517: $? = 0
configure:4517: result: yes
configure:4517: checking for string.h
configure:4517: gcc -c -g -O2  -D_REENTRANT -D_FILE_OFFSET_BITS=64 -D_LARGEFILE_SOURCE conftest.c >&5
configure:4517: $? = 0
configure:4517: result: yes
configure:4517: checking for memory.h
configure:4517: gcc -c -g -O2  -D_REENTRANT -D_FILE_OFFSET_BITS=64 -D_LARGEFILE_SOURCE conftest.c >&5
configure:4517: $? = 0
configure:4517: result: yes
configure:4517: checking for strings.h
configure:4517: gcc -c -g -O2  -D_REENTRANT -D_FILE_OFFSET_BITS=64 -D_LARGEFILE_SOURCE conftest.c >&5
configure:4517: $? = 0
configure:4517: result: yes
configure:4517: checking for inttypes.h
configure:4517: gcc -c -g -O2  -D_REENTRANT -D_FILE_OFFSET_BITS=64 -D_LARGEFILE_SOURCE conftest.c >&5
configure:4517: $? = 0
configure:4517: result: yes
configure:4517: checking for stdint.h
configure:4517: gcc -c -g -O2  -D_REENTRANT -D_FILE_OFFSET_BITS=64 -D_LARGEFILE_SOURCE conftest.c >&5
configure:4517: $? = 0
configure:4517: result: yes
configure:4517: checking for unistd.h
configure:4517: gcc -c -g -O2  -D_REENTRANT -D_FILE_OFFSET_BITS=64 -D_LARGEFILE_SOURCE conftest.c >&5
configure:4517: $? = 0
configure:4517: result: yes
configure:4529: checking whether byte ordering is bigendian
configure:4544: gcc -c -g -O2  -D_REENTRANT -D_FILE_OFFSET_BITS=64 -D_LARGEFILE_SOURCE conftest.c >&5
conftest.c:22:9: error: unknown type name 'not'
         not a universal capable compiler
         ^
conftest.c:22:15: error: expected '=', ',', ';', 'asm' or '__attribute__' before 'universal'
         not a universal capable compiler
               ^
conftest.c:22:15: error: unknown type name 'universal'
configure:4544: $? = 1
configure: failed program was:
| /* confdefs.h */
| #define PACKAGE_NAME "watchman"
| #define PACKAGE_TARNAME "watchman"
| #define PACKAGE_VERSION "4.7.0"
| #define PACKAGE_STRING "watchman 4.7.0"
| #define PACKAGE_BUGREPORT ""
| #define PACKAGE_URL ""
| #define PACKAGE "watchman"
| #define VERSION "4.7.0"
| #define STDC_HEADERS 1
| #define HAVE_SYS_TYPES_H 1
| #define HAVE_SYS_STAT_H 1
| #define HAVE_STDLIB_H 1
| #define HAVE_STRING_H 1
| #define HAVE_MEMORY_H 1
| #define HAVE_STRINGS_H 1
| #define HAVE_INTTYPES_H 1
| #define HAVE_STDINT_H 1
| #define HAVE_UNISTD_H 1
| /* end confdefs.h.  */
| #ifndef __APPLE_CC__
| 	       not a universal capable compiler
| 	     #endif
| 	     typedef int dummy;
| 
configure:4589: gcc -c -g -O2  -D_REENTRANT -D_FILE_OFFSET_BITS=64 -D_LARGEFILE_SOURCE conftest.c >&5
configure:4589: $? = 0
configure:4607: gcc -c -g -O2  -D_REENTRANT -D_FILE_OFFSET_BITS=64 -D_LARGEFILE_SOURCE conftest.c >&5
conftest.c: In function 'main':
conftest.c:28:4: error: unknown type name 'not'
    not big endian
    ^
conftest.c:28:12: error: expected '=', ',', ';', 'asm' or '__attribute__' before 'endian'
    not big endian
            ^
configure:4607: $? = 1
configure: failed program was:
| /* confdefs.h */
| #define PACKAGE_NAME "watchman"
| #define PACKAGE_TARNAME "watchman"
| #define PACKAGE_VERSION "4.7.0"
| #define PACKAGE_STRING "watchman 4.7.0"
| #define PACKAGE_BUGREPORT ""
| #define PACKAGE_URL ""
| #define PACKAGE "watchman"
| #define VERSION "4.7.0"
| #define STDC_HEADERS 1
| #define HAVE_SYS_TYPES_H 1
| #define HAVE_SYS_STAT_H 1
| #define HAVE_STDLIB_H 1
| #define HAVE_STRING_H 1
| #define HAVE_MEMORY_H 1
| #define HAVE_STRINGS_H 1
| #define HAVE_INTTYPES_H 1
| #define HAVE_STDINT_H 1
| #define HAVE_UNISTD_H 1
| /* end confdefs.h.  */
| #include <sys/types.h>
| 		#include <sys/param.h>
| 
| int
| main ()
| {
| #if BYTE_ORDER != BIG_ENDIAN
| 		 not big endian
| 		#endif
| 
|   ;
|   return 0;
| }
configure:4735: result: no
configure:4753: checking for inline
configure:4769: gcc -c -g -O2  -D_REENTRANT -D_FILE_OFFSET_BITS=64 -D_LARGEFILE_SOURCE conftest.c >&5
configure:4769: $? = 0
configure:4777: result: inline
configure:4838: checking for ranlib
configure:4854: found /usr/bin/ranlib
configure:4865: result: ranlib
configure:4898: checking dependency style of gcc
configure:5007: result: gcc3
configure:5025: checking for arc
configure:5053: result: no
configure:5201: checking for python
configure:5219: found /usr/bin/python
configure:5231: result: /usr/bin/python
configure:5252: checking for python version
configure:5259: result: 2.7
configure:5271: checking for python platform
configure:5278: result: linux2
configure:5304: checking for python script directory
configure:5339: result: ${prefix}/lib/python2.7/dist-packages
configure:5348: checking for python extension module directory
configure:5383: result: ${exec_prefix}/lib/python2.7/dist-packages
configure:5441: checking for pcre-config
configure:5472: result: false
configure:5490: checking for PCRE using false
configure:5494: result: failed
configure:5639: checking for library containing pthread_create
configure:5670: gcc -o conftest -g -O2  -D_REENTRANT -D_FILE_OFFSET_BITS=64 -D_LARGEFILE_SOURCE  conftest.c  >&5
/tmp/cctRK3LB.o: In function `main':
/var/www/html/ReactNative/public_html3/watchman/conftest.c:34: undefined reference to `pthread_create'
collect2: error: ld returned 1 exit status
configure:5670: $? = 1
configure: failed program was:
| /* confdefs.h */
| #define PACKAGE_NAME "watchman"
| #define PACKAGE_TARNAME "watchman"
| #define PACKAGE_VERSION "4.7.0"
| #define PACKAGE_STRING "watchman 4.7.0"
| #define PACKAGE_BUGREPORT ""
| #define PACKAGE_URL ""
| #define PACKAGE "watchman"
| #define VERSION "4.7.0"
| #define STDC_HEADERS 1
| #define HAVE_SYS_TYPES_H 1
| #define HAVE_SYS_STAT_H 1
| #define HAVE_STDLIB_H 1
| #define HAVE_STRING_H 1
| #define HAVE_MEMORY_H 1
| #define HAVE_STRINGS_H 1
| #define HAVE_INTTYPES_H 1
| #define HAVE_STDINT_H 1
| #define HAVE_UNISTD_H 1
| #define WATCHMAN_CONFIG_FILE "/etc/watchman.json"
| #define WATCHMAN_STATE_DIR "/usr/local/var/run/watchman"
| /* end confdefs.h.  */
| 
| /* Override any GCC internal prototype to avoid an error.
|    Use char because int might match the return type of a GCC
|    builtin and then its argument prototype would still apply.  */
| #ifdef __cplusplus
| extern "C"
| #endif
| char pthread_create ();
| int
| main ()
| {
| return pthread_create ();
|   ;
|   return 0;
| }
configure:5670: gcc -o conftest -g -O2  -D_REENTRANT -D_FILE_OFFSET_BITS=64 -D_LARGEFILE_SOURCE  conftest.c -lpthread   >&5
configure:5670: $? = 0
configure:5687: result: -lpthread
configure:5695: checking for library containing socket
configure:5726: gcc -o conftest -g -O2  -D_REENTRANT -D_FILE_OFFSET_BITS=64 -D_LARGEFILE_SOURCE  conftest.c -lpthread  >&5
configure:5726: $? = 0
configure:5743: result: none required
configure:5755: checking for sys/types.h
configure:5755: result: yes
configure:5755: checking for inttypes.h
configure:5755: result: yes
configure:5755: checking locale.h usability
configure:5755: gcc -c -g -O2  -D_REENTRANT -D_FILE_OFFSET_BITS=64 -D_LARGEFILE_SOURCE conftest.c >&5
configure:5755: $? = 0
configure:5755: result: yes
configure:5755: checking locale.h presence
configure:5755: gcc -E  -D_REENTRANT -D_FILE_OFFSET_BITS=64 -D_LARGEFILE_SOURCE conftest.c
configure:5755: $? = 0
configure:5755: result: yes
configure:5755: checking for locale.h
configure:5755: result: yes
configure:5755: checking port.h usability
configure:5755: gcc -c -g -O2  -D_REENTRANT -D_FILE_OFFSET_BITS=64 -D_LARGEFILE_SOURCE conftest.c >&5
conftest.c:59:18: fatal error: port.h: No such file or directory
compilation terminated.
configure:5755: $? = 1
configure: failed program was:
| /* confdefs.h */
| #define PACKAGE_NAME "watchman"
| #define PACKAGE_TARNAME "watchman"
| #define PACKAGE_VERSION "4.7.0"
| #define PACKAGE_STRING "watchman 4.7.0"
| #define PACKAGE_BUGREPORT ""
| #define PACKAGE_URL ""
| #define PACKAGE "watchman"
| #define VERSION "4.7.0"
| #define STDC_HEADERS 1
| #define HAVE_SYS_TYPES_H 1
| #define HAVE_SYS_STAT_H 1
| #define HAVE_STDLIB_H 1
| #define HAVE_STRING_H 1
| #define HAVE_MEMORY_H 1
| #define HAVE_STRINGS_H 1
| #define HAVE_INTTYPES_H 1
| #define HAVE_STDINT_H 1
| #define HAVE_UNISTD_H 1
| #define WATCHMAN_CONFIG_FILE "/etc/watchman.json"
| #define WATCHMAN_STATE_DIR "/usr/local/var/run/watchman"
| #define HAVE_SYS_TYPES_H 1
| #define HAVE_INTTYPES_H 1
| #define HAVE_LOCALE_H 1
| /* end confdefs.h.  */
| #include <stdio.h>
| #ifdef HAVE_SYS_TYPES_H
| # include <sys/types.h>
| #endif
| #ifdef HAVE_SYS_STAT_H
| # include <sys/stat.h>
| #endif
| #ifdef STDC_HEADERS
| # include <stdlib.h>
| # include <stddef.h>
| #else
| # ifdef HAVE_STDLIB_H
| #  include <stdlib.h>
| # endif
| #endif
| #ifdef HAVE_STRING_H
| # if !defined STDC_HEADERS && defined HAVE_MEMORY_H
| #  include <memory.h>
| # endif
| # include <string.h>
| #endif
| #ifdef HAVE_STRINGS_H
| # include <strings.h>
| #endif
| #ifdef HAVE_INTTYPES_H
| # include <inttypes.h>
| #endif
| #ifdef HAVE_STDINT_H
| # include <stdint.h>
| #endif
| #ifdef HAVE_UNISTD_H
| # include <unistd.h>
| #endif
| #include <port.h>
configure:5755: result: no
configure:5755: checking port.h presence
configure:5755: gcc -E  -D_REENTRANT -D_FILE_OFFSET_BITS=64 -D_LARGEFILE_SOURCE conftest.c
conftest.c:26:18: fatal error: port.h: No such file or directory
compilation terminated.
configure:5755: $? = 1
configure: failed program was:
| /* confdefs.h */
| #define PACKAGE_NAME "watchman"
| #define PACKAGE_TARNAME "watchman"
| #define PACKAGE_VERSION "4.7.0"
| #define PACKAGE_STRING "watchman 4.7.0"
| #define PACKAGE_BUGREPORT ""
| #define PACKAGE_URL ""
| #define PACKAGE "watchman"
| #define VERSION "4.7.0"
| #define STDC_HEADERS 1
| #define HAVE_SYS_TYPES_H 1
| #define HAVE_SYS_STAT_H 1
| #define HAVE_STDLIB_H 1
| #define HAVE_STRING_H 1
| #define HAVE_MEMORY_H 1
| #define HAVE_STRINGS_H 1
| #define HAVE_INTTYPES_H 1
| #define HAVE_STDINT_H 1
| #define HAVE_UNISTD_H 1
| #define WATCHMAN_CONFIG_FILE "/etc/watchman.json"
| #define WATCHMAN_STATE_DIR "/usr/local/var/run/watchman"
| #define HAVE_SYS_TYPES_H 1
| #define HAVE_INTTYPES_H 1
| #define HAVE_LOCALE_H 1
| /* end confdefs.h.  */
| #include <port.h>
configure:5755: result: no
configure:5755: checking for port.h
configure:5755: result: no
configure:5755: checking sys/inotify.h usability
configure:5755: gcc -c -g -O2  -D_REENTRANT -D_FILE_OFFSET_BITS=64 -D_LARGEFILE_SOURCE conftest.c >&5
configure:5755: $? = 0
configure:5755: result: yes
configure:5755: checking sys/inotify.h presence
configure:5755: gcc -E  -D_REENTRANT -D_FILE_OFFSET_BITS=64 -D_LARGEFILE_SOURCE conftest.c
configure:5755: $? = 0
configure:5755: result: yes
configure:5755: checking for sys/inotify.h
configure:5755: result: yes
configure:5755: checking sys/event.h usability
configure:5755: gcc -c -g -O2  -D_REENTRANT -D_FILE_OFFSET_BITS=64 -D_LARGEFILE_SOURCE conftest.c >&5
conftest.c:60:23: fatal error: sys/event.h: No such file or directory
compilation terminated.
configure:5755: $? = 1
configure: failed program was:
| /* confdefs.h */
| #define PACKAGE_NAME "watchman"
| #define PACKAGE_TARNAME "watchman"
| #define PACKAGE_VERSION "4.7.0"
| #define PACKAGE_STRING "watchman 4.7.0"
| #define PACKAGE_BUGREPORT ""
| #define PACKAGE_URL ""
| #define PACKAGE "watchman"
| #define VERSION "4.7.0"
| #define STDC_HEADERS 1
| #define HAVE_SYS_TYPES_H 1
| #define HAVE_SYS_STAT_H 1
| #define HAVE_STDLIB_H 1
| #define HAVE_STRING_H 1
| #define HAVE_MEMORY_H 1
| #define HAVE_STRINGS_H 1
| #define HAVE_INTTYPES_H 1
| #define HAVE_STDINT_H 1
| #define HAVE_UNISTD_H 1
| #define WATCHMAN_CONFIG_FILE "/etc/watchman.json"
| #define WATCHMAN_STATE_DIR "/usr/local/var/run/watchman"
| #define HAVE_SYS_TYPES_H 1
| #define HAVE_INTTYPES_H 1
| #define HAVE_LOCALE_H 1
| #define HAVE_SYS_INOTIFY_H 1
| /* end confdefs.h.  */
| #include <stdio.h>
| #ifdef HAVE_SYS_TYPES_H
| # include <sys/types.h>
| #endif
| #ifdef HAVE_SYS_STAT_H
| # include <sys/stat.h>
| #endif
| #ifdef STDC_HEADERS
| # include <stdlib.h>
| # include <stddef.h>
| #else
| # ifdef HAVE_STDLIB_H
| #  include <stdlib.h>
| # endif
| #endif
| #ifdef HAVE_STRING_H
| # if !defined STDC_HEADERS && defined HAVE_MEMORY_H
| #  include <memory.h>
| # endif
| # include <string.h>
| #endif
| #ifdef HAVE_STRINGS_H
| # include <strings.h>
| #endif
| #ifdef HAVE_INTTYPES_H
| # include <inttypes.h>
| #endif
| #ifdef HAVE_STDINT_H
| # include <stdint.h>
| #endif
| #ifdef HAVE_UNISTD_H
| # include <unistd.h>
| #endif
| #include <sys/event.h>
configure:5755: result: no
configure:5755: checking sys/event.h presence
configure:5755: gcc -E  -D_REENTRANT -D_FILE_OFFSET_BITS=64 -D_LARGEFILE_SOURCE conftest.c
conftest.c:27:23: fatal error: sys/event.h: No such file or directory
compilation terminated.
configure:5755: $? = 1
configure: failed program was:
| /* confdefs.h */
| #define PACKAGE_NAME "watchman"
| #define PACKAGE_TARNAME "watchman"
| #define PACKAGE_VERSION "4.7.0"
| #define PACKAGE_STRING "watchman 4.7.0"
| #define PACKAGE_BUGREPORT ""
| #define PACKAGE_URL ""
| #define PACKAGE "watchman"
| #define VERSION "4.7.0"
| #define STDC_HEADERS 1
| #define HAVE_SYS_TYPES_H 1
| #define HAVE_SYS_STAT_H 1
| #define HAVE_STDLIB_H 1
| #define HAVE_STRING_H 1
| #define HAVE_MEMORY_H 1
| #define HAVE_STRINGS_H 1
| #define HAVE_INTTYPES_H 1
| #define HAVE_STDINT_H 1
| #define HAVE_UNISTD_H 1
| #define WATCHMAN_CONFIG_FILE "/etc/watchman.json"
| #define WATCHMAN_STATE_DIR "/usr/local/var/run/watchman"
| #define HAVE_SYS_TYPES_H 1
| #define HAVE_INTTYPES_H 1
| #define HAVE_LOCALE_H 1
| #define HAVE_SYS_INOTIFY_H 1
| /* end confdefs.h.  */
| #include <sys/event.h>
configure:5755: result: no
configure:5755: checking for sys/event.h
configure:5755: result: no
configure:5768: checking sys/ucred.h usability
configure:5768: gcc -c -g -O2  -D_REENTRANT -D_FILE_OFFSET_BITS=64 -D_LARGEFILE_SOURCE conftest.c >&5
conftest.c:60:23: fatal error: sys/ucred.h: No such file or directory
compilation terminated.
configure:5768: $? = 1
configure: failed program was:
| /* confdefs.h */
| #define PACKAGE_NAME "watchman"
| #define PACKAGE_TARNAME "watchman"
| #define PACKAGE_VERSION "4.7.0"
| #define PACKAGE_STRING "watchman 4.7.0"
| #define PACKAGE_BUGREPORT ""
| #define PACKAGE_URL ""
| #define PACKAGE "watchman"
| #define VERSION "4.7.0"
| #define STDC_HEADERS 1
| #define HAVE_SYS_TYPES_H 1
| #define HAVE_SYS_STAT_H 1
| #define HAVE_STDLIB_H 1
| #define HAVE_STRING_H 1
| #define HAVE_MEMORY_H 1
| #define HAVE_STRINGS_H 1
| #define HAVE_INTTYPES_H 1
| #define HAVE_STDINT_H 1
| #define HAVE_UNISTD_H 1
| #define WATCHMAN_CONFIG_FILE "/etc/watchman.json"
| #define WATCHMAN_STATE_DIR "/usr/local/var/run/watchman"
| #define HAVE_SYS_TYPES_H 1
| #define HAVE_INTTYPES_H 1
| #define HAVE_LOCALE_H 1
| #define HAVE_SYS_INOTIFY_H 1
| /* end confdefs.h.  */
| #include <stdio.h>
| #ifdef HAVE_SYS_TYPES_H
| # include <sys/types.h>
| #endif
| #ifdef HAVE_SYS_STAT_H
| # include <sys/stat.h>
| #endif
| #ifdef STDC_HEADERS
| # include <stdlib.h>
| # include <stddef.h>
| #else
| # ifdef HAVE_STDLIB_H
| #  include <stdlib.h>
| # endif
| #endif
| #ifdef HAVE_STRING_H
| # if !defined STDC_HEADERS && defined HAVE_MEMORY_H
| #  include <memory.h>
| # endif
| # include <string.h>
| #endif
| #ifdef HAVE_STRINGS_H
| # include <strings.h>
| #endif
| #ifdef HAVE_INTTYPES_H
| # include <inttypes.h>
| #endif
| #ifdef HAVE_STDINT_H
| # include <stdint.h>
| #endif
| #ifdef HAVE_UNISTD_H
| # include <unistd.h>
| #endif
| #include <sys/ucred.h>
configure:5768: result: no
configure:5768: checking sys/ucred.h presence
configure:5768: gcc -E  -D_REENTRANT -D_FILE_OFFSET_BITS=64 -D_LARGEFILE_SOURCE conftest.c
conftest.c:27:23: fatal error: sys/ucred.h: No such file or directory
compilation terminated.
configure:5768: $? = 1
configure: failed program was:
| /* confdefs.h */
| #define PACKAGE_NAME "watchman"
| #define PACKAGE_TARNAME "watchman"
| #define PACKAGE_VERSION "4.7.0"
| #define PACKAGE_STRING "watchman 4.7.0"
| #define PACKAGE_BUGREPORT ""
| #define PACKAGE_URL ""
| #define PACKAGE "watchman"
| #define VERSION "4.7.0"
| #define STDC_HEADERS 1
| #define HAVE_SYS_TYPES_H 1
| #define HAVE_SYS_STAT_H 1
| #define HAVE_STDLIB_H 1
| #define HAVE_STRING_H 1
| #define HAVE_MEMORY_H 1
| #define HAVE_STRINGS_H 1
| #define HAVE_INTTYPES_H 1
| #define HAVE_STDINT_H 1
| #define HAVE_UNISTD_H 1
| #define WATCHMAN_CONFIG_FILE "/etc/watchman.json"
| #define WATCHMAN_STATE_DIR "/usr/local/var/run/watchman"
| #define HAVE_SYS_TYPES_H 1
| #define HAVE_INTTYPES_H 1
| #define HAVE_LOCALE_H 1
| #define HAVE_SYS_INOTIFY_H 1
| /* end confdefs.h.  */
| #include <sys/ucred.h>
configure:5768: result: no
configure:5768: checking for sys/ucred.h
configure:5768: result: no
configure:5768: checking sys/socket.h usability
configure:5768: gcc -c -g -O2  -D_REENTRANT -D_FILE_OFFSET_BITS=64 -D_LARGEFILE_SOURCE conftest.c >&5
configure:5768: $? = 0
configure:5768: result: yes
configure:5768: checking sys/socket.h presence
configure:5768: gcc -E  -D_REENTRANT -D_FILE_OFFSET_BITS=64 -D_LARGEFILE_SOURCE conftest.c
configure:5768: $? = 0
configure:5768: result: yes
configure:5768: checking for sys/socket.h
configure:5768: result: yes
configure:5781: checking for mkostemp
configure:5781: gcc -o conftest -g -O2  -D_REENTRANT -D_FILE_OFFSET_BITS=64 -D_LARGEFILE_SOURCE  conftest.c -lpthread  >&5
configure:5781: $? = 0
configure:5781: result: yes
configure:5781: checking for kqueue
configure:5781: gcc -o conftest -g -O2  -D_REENTRANT -D_FILE_OFFSET_BITS=64 -D_LARGEFILE_SOURCE  conftest.c -lpthread  >&5
/tmp/ccZqu2le.o: In function `main':
/var/www/html/ReactNative/public_html3/watchman/conftest.c:63: undefined reference to `kqueue'
collect2: error: ld returned 1 exit status
configure:5781: $? = 1
configure: failed program was:
| /* confdefs.h */
| #define PACKAGE_NAME "watchman"
| #define PACKAGE_TARNAME "watchman"
| #define PACKAGE_VERSION "4.7.0"
| #define PACKAGE_STRING "watchman 4.7.0"
| #define PACKAGE_BUGREPORT ""
| #define PACKAGE_URL ""
| #define PACKAGE "watchman"
| #define VERSION "4.7.0"
| #define STDC_HEADERS 1
| #define HAVE_SYS_TYPES_H 1
| #define HAVE_SYS_STAT_H 1
| #define HAVE_STDLIB_H 1
| #define HAVE_STRING_H 1
| #define HAVE_MEMORY_H 1
| #define HAVE_STRINGS_H 1
| #define HAVE_INTTYPES_H 1
| #define HAVE_STDINT_H 1
| #define HAVE_UNISTD_H 1
| #define WATCHMAN_CONFIG_FILE "/etc/watchman.json"
| #define WATCHMAN_STATE_DIR "/usr/local/var/run/watchman"
| #define HAVE_SYS_TYPES_H 1
| #define HAVE_INTTYPES_H 1
| #define HAVE_LOCALE_H 1
| #define HAVE_SYS_INOTIFY_H 1
| #define HAVE_SYS_SOCKET_H 1
| #define HAVE_MKOSTEMP 1
| /* end confdefs.h.  */
| /* Define kqueue to an innocuous variant, in case <limits.h> declares kqueue.
|    For example, HP-UX 11i <limits.h> declares gettimeofday.  */
| #define kqueue innocuous_kqueue
| 
| /* System header to define __stub macros and hopefully few prototypes,
|     which can conflict with char kqueue (); below.
|     Prefer <limits.h> to <assert.h> if __STDC__ is defined, since
|     <limits.h> exists even on freestanding compilers.  */
| 
| #ifdef __STDC__
| # include <limits.h>
| #else
| # include <assert.h>
| #endif
| 
| #undef kqueue
| 
| /* Override any GCC internal prototype to avoid an error.
|    Use char because int might match the return type of a GCC
|    builtin and then its argument prototype would still apply.  */
| #ifdef __cplusplus
| extern "C"
| #endif
| char kqueue ();
| /* The GNU C library defines this for functions which it implements
|     to always fail with ENOSYS.  Some functions are actually named
|     something starting with __ and the normal name is an alias.  */
| #if defined __stub_kqueue || defined __stub___kqueue
| choke me
| #endif
| 
| int
| main ()
| {
| return kqueue ();
|   ;
|   return 0;
| }
configure:5781: result: no
configure:5781: checking for port_create
configure:5781: gcc -o conftest -g -O2  -D_REENTRANT -D_FILE_OFFSET_BITS=64 -D_LARGEFILE_SOURCE  conftest.c -lpthread  >&5
/tmp/ccntVFNf.o: In function `main':
/var/www/html/ReactNative/public_html3/watchman/conftest.c:63: undefined reference to `port_create'
collect2: error: ld returned 1 exit status
configure:5781: $? = 1
configure: failed program was:
| /* confdefs.h */
| #define PACKAGE_NAME "watchman"
| #define PACKAGE_TARNAME "watchman"
| #define PACKAGE_VERSION "4.7.0"
| #define PACKAGE_STRING "watchman 4.7.0"
| #define PACKAGE_BUGREPORT ""
| #define PACKAGE_URL ""
| #define PACKAGE "watchman"
| #define VERSION "4.7.0"
| #define STDC_HEADERS 1
| #define HAVE_SYS_TYPES_H 1
| #define HAVE_SYS_STAT_H 1
| #define HAVE_STDLIB_H 1
| #define HAVE_STRING_H 1
| #define HAVE_MEMORY_H 1
| #define HAVE_STRINGS_H 1
| #define HAVE_INTTYPES_H 1
| #define HAVE_STDINT_H 1
| #define HAVE_UNISTD_H 1
| #define WATCHMAN_CONFIG_FILE "/etc/watchman.json"
| #define WATCHMAN_STATE_DIR "/usr/local/var/run/watchman"
| #define HAVE_SYS_TYPES_H 1
| #define HAVE_INTTYPES_H 1
| #define HAVE_LOCALE_H 1
| #define HAVE_SYS_INOTIFY_H 1
| #define HAVE_SYS_SOCKET_H 1
| #define HAVE_MKOSTEMP 1
| /* end confdefs.h.  */
| /* Define port_create to an innocuous variant, in case <limits.h> declares port_create.
|    For example, HP-UX 11i <limits.h> declares gettimeofday.  */
| #define port_create innocuous_port_create
| 
| /* System header to define __stub macros and hopefully few prototypes,
|     which can conflict with char port_create (); below.
|     Prefer <limits.h> to <assert.h> if __STDC__ is defined, since
|     <limits.h> exists even on freestanding compilers.  */
| 
| #ifdef __STDC__
| # include <limits.h>
| #else
| # include <assert.h>
| #endif
| 
| #undef port_create
| 
| /* Override any GCC internal prototype to avoid an error.
|    Use char because int might match the return type of a GCC
|    builtin and then its argument prototype would still apply.  */
| #ifdef __cplusplus
| extern "C"
| #endif
| char port_create ();
| /* The GNU C library defines this for functions which it implements
|     to always fail with ENOSYS.  Some functions are actually named
|     something starting with __ and the normal name is an alias.  */
| #if defined __stub_port_create || defined __stub___port_create
| choke me
| #endif
| 
| int
| main ()
| {
| return port_create ();
|   ;
|   return 0;
| }
configure:5781: result: no
configure:5781: checking for inotify_init
configure:5781: gcc -o conftest -g -O2  -D_REENTRANT -D_FILE_OFFSET_BITS=64 -D_LARGEFILE_SOURCE  conftest.c -lpthread  >&5
configure:5781: $? = 0
configure:5781: result: yes
configure:5781: checking for strtoll
configure:5781: gcc -o conftest -g -O2  -D_REENTRANT -D_FILE_OFFSET_BITS=64 -D_LARGEFILE_SOURCE  conftest.c -lpthread  >&5
configure:5781: $? = 0
configure:5781: result: yes
configure:5781: checking for localeconv
configure:5781: gcc -o conftest -g -O2  -D_REENTRANT -D_FILE_OFFSET_BITS=64 -D_LARGEFILE_SOURCE  conftest.c -lpthread  >&5
configure:5781: $? = 0
configure:5781: result: yes
configure:5781: checking for statfs
configure:5781: gcc -o conftest -g -O2  -D_REENTRANT -D_FILE_OFFSET_BITS=64 -D_LARGEFILE_SOURCE  conftest.c -lpthread  >&5
configure:5781: $? = 0
configure:5781: result: yes
configure:5793: checking for accept4
configure:5793: gcc -o conftest -g -O2  -D_REENTRANT -D_FILE_OFFSET_BITS=64 -D_LARGEFILE_SOURCE  conftest.c -lpthread  >&5
configure:5793: $? = 0
configure:5793: result: yes
configure:5793: checking for inotify_init1
configure:5793: gcc -o conftest -g -O2  -D_REENTRANT -D_FILE_OFFSET_BITS=64 -D_LARGEFILE_SOURCE  conftest.c -lpthread  >&5
configure:5793: $? = 0
configure:5793: result: yes
configure:5793: checking for getattrlistbulk
configure:5793: gcc -o conftest -g -O2  -D_REENTRANT -D_FILE_OFFSET_BITS=64 -D_LARGEFILE_SOURCE  conftest.c -lpthread  >&5
/tmp/ccXAZb7H.o: In function `main':
/var/www/html/ReactNative/public_html3/watchman/conftest.c:69: undefined reference to `getattrlistbulk'
collect2: error: ld returned 1 exit status
configure:5793: $? = 1
configure: failed program was:
| /* confdefs.h */
| #define PACKAGE_NAME "watchman"
| #define PACKAGE_TARNAME "watchman"
| #define PACKAGE_VERSION "4.7.0"
| #define PACKAGE_STRING "watchman 4.7.0"
| #define PACKAGE_BUGREPORT ""
| #define PACKAGE_URL ""
| #define PACKAGE "watchman"
| #define VERSION "4.7.0"
| #define STDC_HEADERS 1
| #define HAVE_SYS_TYPES_H 1
| #define HAVE_SYS_STAT_H 1
| #define HAVE_STDLIB_H 1
| #define HAVE_STRING_H 1
| #define HAVE_MEMORY_H 1
| #define HAVE_STRINGS_H 1
| #define HAVE_INTTYPES_H 1
| #define HAVE_STDINT_H 1
| #define HAVE_UNISTD_H 1
| #define WATCHMAN_CONFIG_FILE "/etc/watchman.json"
| #define WATCHMAN_STATE_DIR "/usr/local/var/run/watchman"
| #define HAVE_SYS_TYPES_H 1
| #define HAVE_INTTYPES_H 1
| #define HAVE_LOCALE_H 1
| #define HAVE_SYS_INOTIFY_H 1
| #define HAVE_SYS_SOCKET_H 1
| #define HAVE_MKOSTEMP 1
| #define HAVE_INOTIFY_INIT 1
| #define HAVE_STRTOLL 1
| #define HAVE_LOCALECONV 1
| #define HAVE_STATFS 1
| #define HAVE_ACCEPT4 1
| #define HAVE_INOTIFY_INIT1 1
| /* end confdefs.h.  */
| /* Define getattrlistbulk to an innocuous variant, in case <limits.h> declares getattrlistbulk.
|    For example, HP-UX 11i <limits.h> declares gettimeofday.  */
| #define getattrlistbulk innocuous_getattrlistbulk
| 
| /* System header to define __stub macros and hopefully few prototypes,
|     which can conflict with char getattrlistbulk (); below.
|     Prefer <limits.h> to <assert.h> if __STDC__ is defined, since
|     <limits.h> exists even on freestanding compilers.  */
| 
| #ifdef __STDC__
| # include <limits.h>
| #else
| # include <assert.h>
| #endif
| 
| #undef getattrlistbulk
| 
| /* Override any GCC internal prototype to avoid an error.
|    Use char because int might match the return type of a GCC
|    builtin and then its argument prototype would still apply.  */
| #ifdef __cplusplus
| extern "C"
| #endif
| char getattrlistbulk ();
| /* The GNU C library defines this for functions which it implements
|     to always fail with ENOSYS.  Some functions are actually named
|     something starting with __ and the normal name is an alias.  */
| #if defined __stub_getattrlistbulk || defined __stub___getattrlistbulk
| choke me
| #endif
| 
| int
| main ()
| {
| return getattrlistbulk ();
|   ;
|   return 0;
| }
configure:5793: result: no
configure:5793: checking for openat
configure:5793: gcc -o conftest -g -O2  -D_REENTRANT -D_FILE_OFFSET_BITS=64 -D_LARGEFILE_SOURCE  conftest.c -lpthread  >&5
configure:5793: $? = 0
configure:5793: result: yes
configure:5793: checking for fdopendir
configure:5793: gcc -o conftest -g -O2  -D_REENTRANT -D_FILE_OFFSET_BITS=64 -D_LARGEFILE_SOURCE  conftest.c -lpthread  >&5
configure:5793: $? = 0
configure:5793: result: yes
configure:5805: checking for sys/vfs.h
configure:5805: gcc -c -g -O2  -D_REENTRANT -D_FILE_OFFSET_BITS=64 -D_LARGEFILE_SOURCE conftest.c >&5
configure:5805: $? = 0
configure:5805: result: yes
configure:5805: checking for sys/param.h
configure:5805: gcc -c -g -O2  -D_REENTRANT -D_FILE_OFFSET_BITS=64 -D_LARGEFILE_SOURCE conftest.c >&5
configure:5805: $? = 0
configure:5805: result: yes
configure:5805: checking for sys/mount.h
configure:5805: gcc -c -g -O2  -D_REENTRANT -D_FILE_OFFSET_BITS=64 -D_LARGEFILE_SOURCE conftest.c >&5
configure:5805: $? = 0
configure:5805: result: yes
configure:5805: checking for sys/statfs.h
configure:5805: gcc -c -g -O2  -D_REENTRANT -D_FILE_OFFSET_BITS=64 -D_LARGEFILE_SOURCE conftest.c >&5
configure:5805: $? = 0
configure:5805: result: yes
configure:5805: checking for sys/statvfs.h
configure:5805: gcc -c -g -O2  -D_REENTRANT -D_FILE_OFFSET_BITS=64 -D_LARGEFILE_SOURCE conftest.c >&5
configure:5805: $? = 0
configure:5805: result: yes
configure:5821: checking valgrind/valgrind.h usability
configure:5821: gcc -c -g -O2  -D_REENTRANT -D_FILE_OFFSET_BITS=64 -D_LARGEFILE_SOURCE conftest.c >&5
conftest.c:75:31: fatal error: valgrind/valgrind.h: No such file or directory
compilation terminated.
configure:5821: $? = 1
configure: failed program was:
| /* confdefs.h */
| #define PACKAGE_NAME "watchman"
| #define PACKAGE_TARNAME "watchman"
| #define PACKAGE_VERSION "4.7.0"
| #define PACKAGE_STRING "watchman 4.7.0"
| #define PACKAGE_BUGREPORT ""
| #define PACKAGE_URL ""
| #define PACKAGE "watchman"
| #define VERSION "4.7.0"
| #define STDC_HEADERS 1
| #define HAVE_SYS_TYPES_H 1
| #define HAVE_SYS_STAT_H 1
| #define HAVE_STDLIB_H 1
| #define HAVE_STRING_H 1
| #define HAVE_MEMORY_H 1
| #define HAVE_STRINGS_H 1
| #define HAVE_INTTYPES_H 1
| #define HAVE_STDINT_H 1
| #define HAVE_UNISTD_H 1
| #define WATCHMAN_CONFIG_FILE "/etc/watchman.json"
| #define WATCHMAN_STATE_DIR "/usr/local/var/run/watchman"
| #define HAVE_SYS_TYPES_H 1
| #define HAVE_INTTYPES_H 1
| #define HAVE_LOCALE_H 1
| #define HAVE_SYS_INOTIFY_H 1
| #define HAVE_SYS_SOCKET_H 1
| #define HAVE_MKOSTEMP 1
| #define HAVE_INOTIFY_INIT 1
| #define HAVE_STRTOLL 1
| #define HAVE_LOCALECONV 1
| #define HAVE_STATFS 1
| #define HAVE_ACCEPT4 1
| #define HAVE_INOTIFY_INIT1 1
| #define HAVE_OPENAT 1
| #define HAVE_FDOPENDIR 1
| #define HAVE_SYS_VFS_H 1
| #define HAVE_SYS_PARAM_H 1
| #define HAVE_SYS_MOUNT_H 1
| #define HAVE_SYS_STATFS_H 1
| #define HAVE_SYS_STATVFS_H 1
| /* end confdefs.h.  */
| #include <stdio.h>
| #ifdef HAVE_SYS_TYPES_H
| # include <sys/types.h>
| #endif
| #ifdef HAVE_SYS_STAT_H
| # include <sys/stat.h>
| #endif
| #ifdef STDC_HEADERS
| # include <stdlib.h>
| # include <stddef.h>
| #else
| # ifdef HAVE_STDLIB_H
| #  include <stdlib.h>
| # endif
| #endif
| #ifdef HAVE_STRING_H
| # if !defined STDC_HEADERS && defined HAVE_MEMORY_H
| #  include <memory.h>
| # endif
| # include <string.h>
| #endif
| #ifdef HAVE_STRINGS_H
| # include <strings.h>
| #endif
| #ifdef HAVE_INTTYPES_H
| # include <inttypes.h>
| #endif
| #ifdef HAVE_STDINT_H
| # include <stdint.h>
| #endif
| #ifdef HAVE_UNISTD_H
| # include <unistd.h>
| #endif
| #include <valgrind/valgrind.h>
configure:5821: result: no
configure:5821: checking valgrind/valgrind.h presence
configure:5821: gcc -E  -D_REENTRANT -D_FILE_OFFSET_BITS=64 -D_LARGEFILE_SOURCE conftest.c
conftest.c:42:31: fatal error: valgrind/valgrind.h: No such file or directory
compilation terminated.
configure:5821: $? = 1
configure: failed program was:
| /* confdefs.h */
| #define PACKAGE_NAME "watchman"
| #define PACKAGE_TARNAME "watchman"
| #define PACKAGE_VERSION "4.7.0"
| #define PACKAGE_STRING "watchman 4.7.0"
| #define PACKAGE_BUGREPORT ""
| #define PACKAGE_URL ""
| #define PACKAGE "watchman"
| #define VERSION "4.7.0"
| #define STDC_HEADERS 1
| #define HAVE_SYS_TYPES_H 1
| #define HAVE_SYS_STAT_H 1
| #define HAVE_STDLIB_H 1
| #define HAVE_STRING_H 1
| #define HAVE_MEMORY_H 1
| #define HAVE_STRINGS_H 1
| #define HAVE_INTTYPES_H 1
| #define HAVE_STDINT_H 1
| #define HAVE_UNISTD_H 1
| #define WATCHMAN_CONFIG_FILE "/etc/watchman.json"
| #define WATCHMAN_STATE_DIR "/usr/local/var/run/watchman"
| #define HAVE_SYS_TYPES_H 1
| #define HAVE_INTTYPES_H 1
| #define HAVE_LOCALE_H 1
| #define HAVE_SYS_INOTIFY_H 1
| #define HAVE_SYS_SOCKET_H 1
| #define HAVE_MKOSTEMP 1
| #define HAVE_INOTIFY_INIT 1
| #define HAVE_STRTOLL 1
| #define HAVE_LOCALECONV 1
| #define HAVE_STATFS 1
| #define HAVE_ACCEPT4 1
| #define HAVE_INOTIFY_INIT1 1
| #define HAVE_OPENAT 1
| #define HAVE_FDOPENDIR 1
| #define HAVE_SYS_VFS_H 1
| #define HAVE_SYS_PARAM_H 1
| #define HAVE_SYS_MOUNT_H 1
| #define HAVE_SYS_STATFS_H 1
| #define HAVE_SYS_STATVFS_H 1
| /* end confdefs.h.  */
| #include <valgrind/valgrind.h>
configure:5821: result: no
configure:5821: checking for valgrind/valgrind.h
configure:5821: result: no
configure:5834: checking execinfo.h usability
configure:5834: gcc -c -g -O2  -D_REENTRANT -D_FILE_OFFSET_BITS=64 -D_LARGEFILE_SOURCE conftest.c >&5
configure:5834: $? = 0
configure:5834: result: yes
configure:5834: checking execinfo.h presence
configure:5834: gcc -E  -D_REENTRANT -D_FILE_OFFSET_BITS=64 -D_LARGEFILE_SOURCE conftest.c
configure:5834: $? = 0
configure:5834: result: yes
configure:5834: checking for execinfo.h
configure:5834: result: yes
configure:5834: checking sys/resource.h usability
configure:5834: gcc -c -g -O2  -D_REENTRANT -D_FILE_OFFSET_BITS=64 -D_LARGEFILE_SOURCE conftest.c >&5
configure:5834: $? = 0
configure:5834: result: yes
configure:5834: checking sys/resource.h presence
configure:5834: gcc -E  -D_REENTRANT -D_FILE_OFFSET_BITS=64 -D_LARGEFILE_SOURCE conftest.c
configure:5834: $? = 0
configure:5834: result: yes
configure:5834: checking for sys/resource.h
configure:5834: result: yes
configure:5846: checking CoreServices/CoreServices.h usability
configure:5846: gcc -c -g -O2  -D_REENTRANT -D_FILE_OFFSET_BITS=64 -D_LARGEFILE_SOURCE conftest.c >&5
conftest.c:77:39: fatal error: CoreServices/CoreServices.h: No such file or directory
compilation terminated.
configure:5846: $? = 1
configure: failed program was:
| /* confdefs.h */
| #define PACKAGE_NAME "watchman"
| #define PACKAGE_TARNAME "watchman"
| #define PACKAGE_VERSION "4.7.0"
| #define PACKAGE_STRING "watchman 4.7.0"
| #define PACKAGE_BUGREPORT ""
| #define PACKAGE_URL ""
| #define PACKAGE "watchman"
| #define VERSION "4.7.0"
| #define STDC_HEADERS 1
| #define HAVE_SYS_TYPES_H 1
| #define HAVE_SYS_STAT_H 1
| #define HAVE_STDLIB_H 1
| #define HAVE_STRING_H 1
| #define HAVE_MEMORY_H 1
| #define HAVE_STRINGS_H 1
| #define HAVE_INTTYPES_H 1
| #define HAVE_STDINT_H 1
| #define HAVE_UNISTD_H 1
| #define WATCHMAN_CONFIG_FILE "/etc/watchman.json"
| #define WATCHMAN_STATE_DIR "/usr/local/var/run/watchman"
| #define HAVE_SYS_TYPES_H 1
| #define HAVE_INTTYPES_H 1
| #define HAVE_LOCALE_H 1
| #define HAVE_SYS_INOTIFY_H 1
| #define HAVE_SYS_SOCKET_H 1
| #define HAVE_MKOSTEMP 1
| #define HAVE_INOTIFY_INIT 1
| #define HAVE_STRTOLL 1
| #define HAVE_LOCALECONV 1
| #define HAVE_STATFS 1
| #define HAVE_ACCEPT4 1
| #define HAVE_INOTIFY_INIT1 1
| #define HAVE_OPENAT 1
| #define HAVE_FDOPENDIR 1
| #define HAVE_SYS_VFS_H 1
| #define HAVE_SYS_PARAM_H 1
| #define HAVE_SYS_MOUNT_H 1
| #define HAVE_SYS_STATFS_H 1
| #define HAVE_SYS_STATVFS_H 1
| #define HAVE_EXECINFO_H 1
| #define HAVE_SYS_RESOURCE_H 1
| /* end confdefs.h.  */
| #include <stdio.h>
| #ifdef HAVE_SYS_TYPES_H
| # include <sys/types.h>
| #endif
| #ifdef HAVE_SYS_STAT_H
| # include <sys/stat.h>
| #endif
| #ifdef STDC_HEADERS
| # include <stdlib.h>
| # include <stddef.h>
| #else
| # ifdef HAVE_STDLIB_H
| #  include <stdlib.h>
| # endif
| #endif
| #ifdef HAVE_STRING_H
| # if !defined STDC_HEADERS && defined HAVE_MEMORY_H
| #  include <memory.h>
| # endif
| # include <string.h>
| #endif
| #ifdef HAVE_STRINGS_H
| # include <strings.h>
| #endif
| #ifdef HAVE_INTTYPES_H
| # include <inttypes.h>
| #endif
| #ifdef HAVE_STDINT_H
| # include <stdint.h>
| #endif
| #ifdef HAVE_UNISTD_H
| # include <unistd.h>
| #endif
| #include <CoreServices/CoreServices.h>
configure:5846: result: no
configure:5846: checking CoreServices/CoreServices.h presence
configure:5846: gcc -E  -D_REENTRANT -D_FILE_OFFSET_BITS=64 -D_LARGEFILE_SOURCE conftest.c
conftest.c:44:39: fatal error: CoreServices/CoreServices.h: No such file or directory
compilation terminated.
configure:5846: $? = 1
configure: failed program was:
| /* confdefs.h */
| #define PACKAGE_NAME "watchman"
| #define PACKAGE_TARNAME "watchman"
| #define PACKAGE_VERSION "4.7.0"
| #define PACKAGE_STRING "watchman 4.7.0"
| #define PACKAGE_BUGREPORT ""
| #define PACKAGE_URL ""
| #define PACKAGE "watchman"
| #define VERSION "4.7.0"
| #define STDC_HEADERS 1
| #define HAVE_SYS_TYPES_H 1
| #define HAVE_SYS_STAT_H 1
| #define HAVE_STDLIB_H 1
| #define HAVE_STRING_H 1
| #define HAVE_MEMORY_H 1
| #define HAVE_STRINGS_H 1
| #define HAVE_INTTYPES_H 1
| #define HAVE_STDINT_H 1
| #define HAVE_UNISTD_H 1
| #define WATCHMAN_CONFIG_FILE "/etc/watchman.json"
| #define WATCHMAN_STATE_DIR "/usr/local/var/run/watchman"
| #define HAVE_SYS_TYPES_H 1
| #define HAVE_INTTYPES_H 1
| #define HAVE_LOCALE_H 1
| #define HAVE_SYS_INOTIFY_H 1
| #define HAVE_SYS_SOCKET_H 1
| #define HAVE_MKOSTEMP 1
| #define HAVE_INOTIFY_INIT 1
| #define HAVE_STRTOLL 1
| #define HAVE_LOCALECONV 1
| #define HAVE_STATFS 1
| #define HAVE_ACCEPT4 1
| #define HAVE_INOTIFY_INIT1 1
| #define HAVE_OPENAT 1
| #define HAVE_FDOPENDIR 1
| #define HAVE_SYS_VFS_H 1
| #define HAVE_SYS_PARAM_H 1
| #define HAVE_SYS_MOUNT_H 1
| #define HAVE_SYS_STATFS_H 1
| #define HAVE_SYS_STATVFS_H 1
| #define HAVE_EXECINFO_H 1
| #define HAVE_SYS_RESOURCE_H 1
| /* end confdefs.h.  */
| #include <CoreServices/CoreServices.h>
configure:5846: result: no
configure:5846: checking for CoreServices/CoreServices.h
configure:5846: result: no
configure:5860: checking for FSEventStreamSetExclusionPaths
configure:5860: gcc -o conftest -g -O2  -D_REENTRANT -D_FILE_OFFSET_BITS=64 -D_LARGEFILE_SOURCE  conftest.c -lpthread  >&5
/tmp/ccThZlwa.o: In function `main':
/var/www/html/ReactNative/public_html3/watchman/conftest.c:78: undefined reference to `FSEventStreamSetExclusionPaths'
collect2: error: ld returned 1 exit status
configure:5860: $? = 1
configure: failed program was:
| /* confdefs.h */
| #define PACKAGE_NAME "watchman"
| #define PACKAGE_TARNAME "watchman"
| #define PACKAGE_VERSION "4.7.0"
| #define PACKAGE_STRING "watchman 4.7.0"
| #define PACKAGE_BUGREPORT ""
| #define PACKAGE_URL ""
| #define PACKAGE "watchman"
| #define VERSION "4.7.0"
| #define STDC_HEADERS 1
| #define HAVE_SYS_TYPES_H 1
| #define HAVE_SYS_STAT_H 1
| #define HAVE_STDLIB_H 1
| #define HAVE_STRING_H 1
| #define HAVE_MEMORY_H 1
| #define HAVE_STRINGS_H 1
| #define HAVE_INTTYPES_H 1
| #define HAVE_STDINT_H 1
| #define HAVE_UNISTD_H 1
| #define WATCHMAN_CONFIG_FILE "/etc/watchman.json"
| #define WATCHMAN_STATE_DIR "/usr/local/var/run/watchman"
| #define HAVE_SYS_TYPES_H 1
| #define HAVE_INTTYPES_H 1
| #define HAVE_LOCALE_H 1
| #define HAVE_SYS_INOTIFY_H 1
| #define HAVE_SYS_SOCKET_H 1
| #define HAVE_MKOSTEMP 1
| #define HAVE_INOTIFY_INIT 1
| #define HAVE_STRTOLL 1
| #define HAVE_LOCALECONV 1
| #define HAVE_STATFS 1
| #define HAVE_ACCEPT4 1
| #define HAVE_INOTIFY_INIT1 1
| #define HAVE_OPENAT 1
| #define HAVE_FDOPENDIR 1
| #define HAVE_SYS_VFS_H 1
| #define HAVE_SYS_PARAM_H 1
| #define HAVE_SYS_MOUNT_H 1
| #define HAVE_SYS_STATFS_H 1
| #define HAVE_SYS_STATVFS_H 1
| #define HAVE_EXECINFO_H 1
| #define HAVE_SYS_RESOURCE_H 1
| /* end confdefs.h.  */
| /* Define FSEventStreamSetExclusionPaths to an innocuous variant, in case <limits.h> declares FSEventStreamSetExclusionPaths.
|    For example, HP-UX 11i <limits.h> declares gettimeofday.  */
| #define FSEventStreamSetExclusionPaths innocuous_FSEventStreamSetExclusionPaths
| 
| /* System header to define __stub macros and hopefully few prototypes,
|     which can conflict with char FSEventStreamSetExclusionPaths (); below.
|     Prefer <limits.h> to <assert.h> if __STDC__ is defined, since
|     <limits.h> exists even on freestanding compilers.  */
| 
| #ifdef __STDC__
| # include <limits.h>
| #else
| # include <assert.h>
| #endif
| 
| #undef FSEventStreamSetExclusionPaths
| 
| /* Override any GCC internal prototype to avoid an error.
|    Use char because int might match the return type of a GCC
|    builtin and then its argument prototype would still apply.  */
| #ifdef __cplusplus
| extern "C"
| #endif
| char FSEventStreamSetExclusionPaths ();
| /* The GNU C library defines this for functions which it implements
|     to always fail with ENOSYS.  Some functions are actually named
|     something starting with __ and the normal name is an alias.  */
| #if defined __stub_FSEventStreamSetExclusionPaths || defined __stub___FSEventStreamSetExclusionPaths
| choke me
| #endif
| 
| int
| main ()
| {
| return FSEventStreamSetExclusionPaths ();
|   ;
|   return 0;
| }
configure:5860: result: no
configure:5872: checking for backtrace
configure:5872: gcc -o conftest -g -O2  -D_REENTRANT -D_FILE_OFFSET_BITS=64 -D_LARGEFILE_SOURCE  conftest.c -lpthread  >&5
configure:5872: $? = 0
configure:5872: result: yes
configure:5872: checking for backtrace_symbols
configure:5872: gcc -o conftest -g -O2  -D_REENTRANT -D_FILE_OFFSET_BITS=64 -D_LARGEFILE_SOURCE  conftest.c -lpthread  >&5
configure:5872: $? = 0
configure:5872: result: yes
configure:5872: checking for backtrace_symbols_fd
configure:5872: gcc -o conftest -g -O2  -D_REENTRANT -D_FILE_OFFSET_BITS=64 -D_LARGEFILE_SOURCE  conftest.c -lpthread  >&5
configure:5872: $? = 0
configure:5872: result: yes
configure:5883: checking for sys_siglist
configure:5883: gcc -o conftest -g -O2  -D_REENTRANT -D_FILE_OFFSET_BITS=64 -D_LARGEFILE_SOURCE  conftest.c -lpthread  >&5
configure:5883: $? = 0
configure:5883: result: yes
configure:5894: checking for memmem
configure:5894: gcc -o conftest -g -O2  -D_REENTRANT -D_FILE_OFFSET_BITS=64 -D_LARGEFILE_SOURCE  conftest.c -lpthread  >&5
configure:5894: $? = 0
configure:5894: result: yes
configure:5905: checking for struct statvfs.f_fstypename
configure:5905: gcc -c -g -O2  -D_REENTRANT -D_FILE_OFFSET_BITS=64 -D_LARGEFILE_SOURCE conftest.c >&5
conftest.c: In function 'main':
conftest.c:55:12: error: 'struct statvfs' has no member named 'f_fstypename'
 if (ac_aggr.f_fstypename)
            ^
configure:5905: $? = 1
configure: failed program was:
| /* confdefs.h */
| #define PACKAGE_NAME "watchman"
| #define PACKAGE_TARNAME "watchman"
| #define PACKAGE_VERSION "4.7.0"
| #define PACKAGE_STRING "watchman 4.7.0"
| #define PACKAGE_BUGREPORT ""
| #define PACKAGE_URL ""
| #define PACKAGE "watchman"
| #define VERSION "4.7.0"
| #define STDC_HEADERS 1
| #define HAVE_SYS_TYPES_H 1
| #define HAVE_SYS_STAT_H 1
| #define HAVE_STDLIB_H 1
| #define HAVE_STRING_H 1
| #define HAVE_MEMORY_H 1
| #define HAVE_STRINGS_H 1
| #define HAVE_INTTYPES_H 1
| #define HAVE_STDINT_H 1
| #define HAVE_UNISTD_H 1
| #define WATCHMAN_CONFIG_FILE "/etc/watchman.json"
| #define WATCHMAN_STATE_DIR "/usr/local/var/run/watchman"
| #define HAVE_SYS_TYPES_H 1
| #define HAVE_INTTYPES_H 1
| #define HAVE_LOCALE_H 1
| #define HAVE_SYS_INOTIFY_H 1
| #define HAVE_SYS_SOCKET_H 1
| #define HAVE_MKOSTEMP 1
| #define HAVE_INOTIFY_INIT 1
| #define HAVE_STRTOLL 1
| #define HAVE_LOCALECONV 1
| #define HAVE_STATFS 1
| #define HAVE_ACCEPT4 1
| #define HAVE_INOTIFY_INIT1 1
| #define HAVE_OPENAT 1
| #define HAVE_FDOPENDIR 1
| #define HAVE_SYS_VFS_H 1
| #define HAVE_SYS_PARAM_H 1
| #define HAVE_SYS_MOUNT_H 1
| #define HAVE_SYS_STATFS_H 1
| #define HAVE_SYS_STATVFS_H 1
| #define HAVE_EXECINFO_H 1
| #define HAVE_SYS_RESOURCE_H 1
| #define HAVE_BACKTRACE 1
| #define HAVE_BACKTRACE_SYMBOLS 1
| #define HAVE_BACKTRACE_SYMBOLS_FD 1
| #define HAVE_SYS_SIGLIST 1
| #define HAVE_MEMMEM 1
| /* end confdefs.h.  */
| #include <sys/statvfs.h>
| 
| int
| main ()
| {
| static struct statvfs ac_aggr;
| if (ac_aggr.f_fstypename)
| return 0;
|   ;
|   return 0;
| }
configure:5905: gcc -c -g -O2  -D_REENTRANT -D_FILE_OFFSET_BITS=64 -D_LARGEFILE_SOURCE conftest.c >&5
conftest.c: In function 'main':
conftest.c:55:19: error: 'struct statvfs' has no member named 'f_fstypename'
 if (sizeof ac_aggr.f_fstypename)
                   ^
configure:5905: $? = 1
configure: failed program was:
| /* confdefs.h */
| #define PACKAGE_NAME "watchman"
| #define PACKAGE_TARNAME "watchman"
| #define PACKAGE_VERSION "4.7.0"
| #define PACKAGE_STRING "watchman 4.7.0"
| #define PACKAGE_BUGREPORT ""
| #define PACKAGE_URL ""
| #define PACKAGE "watchman"
| #define VERSION "4.7.0"
| #define STDC_HEADERS 1
| #define HAVE_SYS_TYPES_H 1
| #define HAVE_SYS_STAT_H 1
| #define HAVE_STDLIB_H 1
| #define HAVE_STRING_H 1
| #define HAVE_MEMORY_H 1
| #define HAVE_STRINGS_H 1
| #define HAVE_INTTYPES_H 1
| #define HAVE_STDINT_H 1
| #define HAVE_UNISTD_H 1
| #define WATCHMAN_CONFIG_FILE "/etc/watchman.json"
| #define WATCHMAN_STATE_DIR "/usr/local/var/run/watchman"
| #define HAVE_SYS_TYPES_H 1
| #define HAVE_INTTYPES_H 1
| #define HAVE_LOCALE_H 1
| #define HAVE_SYS_INOTIFY_H 1
| #define HAVE_SYS_SOCKET_H 1
| #define HAVE_MKOSTEMP 1
| #define HAVE_INOTIFY_INIT 1
| #define HAVE_STRTOLL 1
| #define HAVE_LOCALECONV 1
| #define HAVE_STATFS 1
| #define HAVE_ACCEPT4 1
| #define HAVE_INOTIFY_INIT1 1
| #define HAVE_OPENAT 1
| #define HAVE_FDOPENDIR 1
| #define HAVE_SYS_VFS_H 1
| #define HAVE_SYS_PARAM_H 1
| #define HAVE_SYS_MOUNT_H 1
| #define HAVE_SYS_STATFS_H 1
| #define HAVE_SYS_STATVFS_H 1
| #define HAVE_EXECINFO_H 1
| #define HAVE_SYS_RESOURCE_H 1
| #define HAVE_BACKTRACE 1
| #define HAVE_BACKTRACE_SYMBOLS 1
| #define HAVE_BACKTRACE_SYMBOLS_FD 1
| #define HAVE_SYS_SIGLIST 1
| #define HAVE_MEMMEM 1
| /* end confdefs.h.  */
| #include <sys/statvfs.h>
| 
| int
| main ()
| {
| static struct statvfs ac_aggr;
| if (sizeof ac_aggr.f_fstypename)
| return 0;
|   ;
|   return 0;
| }
configure:5905: result: no
configure:5917: checking for struct statvfs.f_basetype
configure:5917: gcc -c -g -O2  -D_REENTRANT -D_FILE_OFFSET_BITS=64 -D_LARGEFILE_SOURCE conftest.c >&5
conftest.c: In function 'main':
conftest.c:55:12: error: 'struct statvfs' has no member named 'f_basetype'
 if (ac_aggr.f_basetype)
            ^
configure:5917: $? = 1
configure: failed program was:
| /* confdefs.h */
| #define PACKAGE_NAME "watchman"
| #define PACKAGE_TARNAME "watchman"
| #define PACKAGE_VERSION "4.7.0"
| #define PACKAGE_STRING "watchman 4.7.0"
| #define PACKAGE_BUGREPORT ""
| #define PACKAGE_URL ""
| #define PACKAGE "watchman"
| #define VERSION "4.7.0"
| #define STDC_HEADERS 1
| #define HAVE_SYS_TYPES_H 1
| #define HAVE_SYS_STAT_H 1
| #define HAVE_STDLIB_H 1
| #define HAVE_STRING_H 1
| #define HAVE_MEMORY_H 1
| #define HAVE_STRINGS_H 1
| #define HAVE_INTTYPES_H 1
| #define HAVE_STDINT_H 1
| #define HAVE_UNISTD_H 1
| #define WATCHMAN_CONFIG_FILE "/etc/watchman.json"
| #define WATCHMAN_STATE_DIR "/usr/local/var/run/watchman"
| #define HAVE_SYS_TYPES_H 1
| #define HAVE_INTTYPES_H 1
| #define HAVE_LOCALE_H 1
| #define HAVE_SYS_INOTIFY_H 1
| #define HAVE_SYS_SOCKET_H 1
| #define HAVE_MKOSTEMP 1
| #define HAVE_INOTIFY_INIT 1
| #define HAVE_STRTOLL 1
| #define HAVE_LOCALECONV 1
| #define HAVE_STATFS 1
| #define HAVE_ACCEPT4 1
| #define HAVE_INOTIFY_INIT1 1
| #define HAVE_OPENAT 1
| #define HAVE_FDOPENDIR 1
| #define HAVE_SYS_VFS_H 1
| #define HAVE_SYS_PARAM_H 1
| #define HAVE_SYS_MOUNT_H 1
| #define HAVE_SYS_STATFS_H 1
| #define HAVE_SYS_STATVFS_H 1
| #define HAVE_EXECINFO_H 1
| #define HAVE_SYS_RESOURCE_H 1
| #define HAVE_BACKTRACE 1
| #define HAVE_BACKTRACE_SYMBOLS 1
| #define HAVE_BACKTRACE_SYMBOLS_FD 1
| #define HAVE_SYS_SIGLIST 1
| #define HAVE_MEMMEM 1
| /* end confdefs.h.  */
| #include <sys/statvfs.h>
| 
| int
| main ()
| {
| static struct statvfs ac_aggr;
| if (ac_aggr.f_basetype)
| return 0;
|   ;
|   return 0;
| }
configure:5917: gcc -c -g -O2  -D_REENTRANT -D_FILE_OFFSET_BITS=64 -D_LARGEFILE_SOURCE conftest.c >&5
conftest.c: In function 'main':
conftest.c:55:19: error: 'struct statvfs' has no member named 'f_basetype'
 if (sizeof ac_aggr.f_basetype)
                   ^
configure:5917: $? = 1
configure: failed program was:
| /* confdefs.h */
| #define PACKAGE_NAME "watchman"
| #define PACKAGE_TARNAME "watchman"
| #define PACKAGE_VERSION "4.7.0"
| #define PACKAGE_STRING "watchman 4.7.0"
| #define PACKAGE_BUGREPORT ""
| #define PACKAGE_URL ""
| #define PACKAGE "watchman"
| #define VERSION "4.7.0"
| #define STDC_HEADERS 1
| #define HAVE_SYS_TYPES_H 1
| #define HAVE_SYS_STAT_H 1
| #define HAVE_STDLIB_H 1
| #define HAVE_STRING_H 1
| #define HAVE_MEMORY_H 1
| #define HAVE_STRINGS_H 1
| #define HAVE_INTTYPES_H 1
| #define HAVE_STDINT_H 1
| #define HAVE_UNISTD_H 1
| #define WATCHMAN_CONFIG_FILE "/etc/watchman.json"
| #define WATCHMAN_STATE_DIR "/usr/local/var/run/watchman"
| #define HAVE_SYS_TYPES_H 1
| #define HAVE_INTTYPES_H 1
| #define HAVE_LOCALE_H 1
| #define HAVE_SYS_INOTIFY_H 1
| #define HAVE_SYS_SOCKET_H 1
| #define HAVE_MKOSTEMP 1
| #define HAVE_INOTIFY_INIT 1
| #define HAVE_STRTOLL 1
| #define HAVE_LOCALECONV 1
| #define HAVE_STATFS 1
| #define HAVE_ACCEPT4 1
| #define HAVE_INOTIFY_INIT1 1
| #define HAVE_OPENAT 1
| #define HAVE_FDOPENDIR 1
| #define HAVE_SYS_VFS_H 1
| #define HAVE_SYS_PARAM_H 1
| #define HAVE_SYS_MOUNT_H 1
| #define HAVE_SYS_STATFS_H 1
| #define HAVE_SYS_STATVFS_H 1
| #define HAVE_EXECINFO_H 1
| #define HAVE_SYS_RESOURCE_H 1
| #define HAVE_BACKTRACE 1
| #define HAVE_BACKTRACE_SYMBOLS 1
| #define HAVE_BACKTRACE_SYMBOLS_FD 1
| #define HAVE_SYS_SIGLIST 1
| #define HAVE_MEMMEM 1
| /* end confdefs.h.  */
| #include <sys/statvfs.h>
| 
| int
| main ()
| {
| static struct statvfs ac_aggr;
| if (sizeof ac_aggr.f_basetype)
| return 0;
|   ;
|   return 0;
| }
configure:5917: result: no
configure:6067: checking that generated files are newer than configure
configure:6073: result: done
configure:6121: creating ./config.status

## ---------------------- ##
## Running config.status. ##
## ---------------------- ##

This file was extended by watchman config.status 4.7.0, which was
generated by GNU Autoconf 2.69.  Invocation command line was

  CONFIG_FILES    = 
  CONFIG_HEADERS  = 
  CONFIG_LINKS    = 
  CONFIG_COMMANDS = 
  $ ./config.status 

on jonam-Vostro-15-3568

config.status:924: creating Makefile
config.status:924: creating thirdparty/jansson/jansson_config.h
config.status:924: creating config.h
config.status:1153: executing depfiles commands

## ---------------- ##
## Cache variables. ##
## ---------------- ##

ac_cv_build=x86_64-pc-linux-gnu
ac_cv_c_bigendian=no
ac_cv_c_compiler_gnu=yes
ac_cv_c_inline=inline
ac_cv_env_CCASFLAGS_set=
ac_cv_env_CCASFLAGS_value=
ac_cv_env_CCAS_set=
ac_cv_env_CCAS_value=
ac_cv_env_CC_set=
ac_cv_env_CC_value=
ac_cv_env_CFLAGS_set=
ac_cv_env_CFLAGS_value=
ac_cv_env_CPPFLAGS_set=
ac_cv_env_CPPFLAGS_value=
ac_cv_env_CPP_set=
ac_cv_env_CPP_value=
ac_cv_env_LDFLAGS_set=
ac_cv_env_LDFLAGS_value=
ac_cv_env_LIBS_set=
ac_cv_env_LIBS_value=
ac_cv_env_PYTHON_set=
ac_cv_env_PYTHON_value=
ac_cv_env_build_alias_set=
ac_cv_env_build_alias_value=
ac_cv_env_host_alias_set=
ac_cv_env_host_alias_value=
ac_cv_env_target_alias_set=
ac_cv_env_target_alias_value=
ac_cv_func_FSEventStreamSetExclusionPaths=no
ac_cv_func_accept4=yes
ac_cv_func_backtrace=yes
ac_cv_func_backtrace_symbols=yes
ac_cv_func_backtrace_symbols_fd=yes
ac_cv_func_fdopendir=yes
ac_cv_func_getattrlistbulk=no
ac_cv_func_inotify_init1=yes
ac_cv_func_inotify_init=yes
ac_cv_func_kqueue=no
ac_cv_func_localeconv=yes
ac_cv_func_memmem=yes
ac_cv_func_mkostemp=yes
ac_cv_func_openat=yes
ac_cv_func_port_create=no
ac_cv_func_statfs=yes
ac_cv_func_strtoll=yes
ac_cv_func_sys_siglist=yes
ac_cv_header_CoreServices_CoreServices_h=no
ac_cv_header_execinfo_h=yes
ac_cv_header_inttypes_h=yes
ac_cv_header_locale_h=yes
ac_cv_header_memory_h=yes
ac_cv_header_port_h=no
ac_cv_header_stdc=yes
ac_cv_header_stdint_h=yes
ac_cv_header_stdlib_h=yes
ac_cv_header_string_h=yes
ac_cv_header_strings_h=yes
ac_cv_header_sys_event_h=no
ac_cv_header_sys_inotify_h=yes
ac_cv_header_sys_mount_h=yes
ac_cv_header_sys_param_h=yes
ac_cv_header_sys_resource_h=yes
ac_cv_header_sys_socket_h=yes
ac_cv_header_sys_stat_h=yes
ac_cv_header_sys_statfs_h=yes
ac_cv_header_sys_statvfs_h=yes
ac_cv_header_sys_types_h=yes
ac_cv_header_sys_ucred_h=no
ac_cv_header_sys_vfs_h=yes
ac_cv_header_unistd_h=yes
ac_cv_header_valgrind_valgrind_h=no
ac_cv_host=x86_64-pc-linux-gnu
ac_cv_member_struct_statvfs_f_basetype=no
ac_cv_member_struct_statvfs_f_fstypename=no
ac_cv_objext=o
ac_cv_path_EGREP='/bin/grep -E'
ac_cv_path_GREP=/bin/grep
ac_cv_path_PCRE_CONFIG_PATH=false
ac_cv_path_PYTHON=/usr/bin/python
ac_cv_path_install='/usr/bin/install -c'
ac_cv_path_mkdir=/bin/mkdir
ac_cv_prog_AWK=gawk
ac_cv_prog_CPP='gcc -E'
ac_cv_prog_HAVE_ARC=no
ac_cv_prog_ac_ct_CC=gcc
ac_cv_prog_ac_ct_RANLIB=ranlib
ac_cv_prog_cc_c89=
ac_cv_prog_cc_g=yes
ac_cv_prog_make_make_set=yes
ac_cv_search_pthread_create=-lpthread
ac_cv_search_socket='none required'
ac_cv_target=x86_64-pc-linux-gnu
am_cv_CCAS_dependencies_compiler_type=gcc3
am_cv_CC_dependencies_compiler_type=gcc3
am_cv_make_support_nested_variables=yes
am_cv_prog_cc_c_o=yes
am_cv_python_platform=linux2
am_cv_python_pyexecdir='${exec_prefix}/lib/python2.7/dist-packages'
am_cv_python_pythondir='${prefix}/lib/python2.7/dist-packages'
am_cv_python_version=2.7

## ----------------- ##
## Output variables. ##
## ----------------- ##

ACLOCAL='${SHELL} /var/www/html/ReactNative/public_html3/watchman/missing aclocal-1.15'
AMDEPBACKSLASH='\'
AMDEP_FALSE='#'
AMDEP_TRUE=''
AMTAR='$${TAR-tar}'
AM_BACKSLASH='\'
AM_DEFAULT_V='$(AM_DEFAULT_VERBOSITY)'
AM_DEFAULT_VERBOSITY='0'
AM_V='$(V)'
ARCHFLAGS=''
AUTOCONF='${SHELL} /var/www/html/ReactNative/public_html3/watchman/missing autoconf'
AUTOHEADER='${SHELL} /var/www/html/ReactNative/public_html3/watchman/missing autoheader'
AUTOMAKE='${SHELL} /var/www/html/ReactNative/public_html3/watchman/missing automake-1.15'
AWK='gawk'
CC='gcc'
CCAS='gcc'
CCASDEPMODE='depmode=gcc3'
CCASFLAGS='-g -O2'
CCDEPMODE='depmode=gcc3'
CFLAGS='-g -O2 -Wall -Wextra -Wdeclaration-after-statement -g -gdwarf-2 -fno-omit-frame-pointer'
CPP='gcc -E'
CPPFLAGS=' -D_REENTRANT -D_FILE_OFFSET_BITS=64 -D_LARGEFILE_SOURCE'
CYGPATH_W='echo'
DEFS='-DHAVE_CONFIG_H'
DEPDIR='.deps'
DEV_FSEVENTS_FALSE=''
DEV_FSEVENTS_TRUE='#'
ECHO_C=''
ECHO_N='-n'
ECHO_T=''
EGREP='/bin/grep -E'
EXEEXT=''
GREP='/bin/grep'
HAVE_ARC='no'
HAVE_ARC_FALSE=''
HAVE_ARC_TRUE='#'
HAVE_PYTHON_FALSE='#'
HAVE_PYTHON_TRUE=''
HAVE_RUBY_FALSE=''
HAVE_RUBY_TRUE='#'
INSTALL_DATA='${INSTALL} -m 644'
INSTALL_PROGRAM='${INSTALL}'
INSTALL_SCRIPT='${INSTALL}'
INSTALL_STRIP_PROGRAM='$(install_sh) -c -s'
IRONMANCFLAGS='-Werror'
LDFLAGS=''
LIBOBJS=''
LIBS='-lpthread '
LTLIBOBJS=''
MAKEINFO='${SHELL} /var/www/html/ReactNative/public_html3/watchman/missing makeinfo'
MKDIR_P='/bin/mkdir -p'
OBJEXT='o'
PACKAGE='watchman'
PACKAGE_BUGREPORT=''
PACKAGE_NAME='watchman'
PACKAGE_STRING='watchman 4.7.0'
PACKAGE_TARNAME='watchman'
PACKAGE_URL=''
PACKAGE_VERSION='4.7.0'
PATH_SEPARATOR=':'
PCRE_CONFIG_PATH='false'
PYTHON='/usr/bin/python'
PYTHON_EXEC_PREFIX='${exec_prefix}'
PYTHON_PLATFORM='linux2'
PYTHON_PREFIX='${prefix}'
PYTHON_VERSION='2.7'
RANLIB='ranlib'
SET_MAKE=''
SHELL='/bin/bash'
STRIP=''
VERSION='4.7.0'
WATCHMAN_STATE_DIR='/usr/local/var/run/watchman'
WATCHMAN_STATE_DIR_FALSE='#'
WATCHMAN_STATE_DIR_TRUE=''
ac_ct_CC='gcc'
am__EXEEXT_FALSE=''
am__EXEEXT_TRUE='#'
am__fastdepCCAS_FALSE='#'
am__fastdepCCAS_TRUE=''
am__fastdepCC_FALSE='#'
am__fastdepCC_TRUE=''
am__include='include'
am__isrc=''
am__leading_dot='.'
am__nodep='_no'
am__quote=''
am__tar='$${TAR-tar} chof - "$$tardir"'
am__untar='$${TAR-tar} xf -'
bindir='${exec_prefix}/bin'
build='x86_64-pc-linux-gnu'
build_alias=''
build_cpu='x86_64'
build_os='linux-gnu'
build_vendor='pc'
datadir='${datarootdir}'
datarootdir='${prefix}/share'
docdir='${datarootdir}/doc/${PACKAGE_TARNAME}'
dvidir='${docdir}'
exec_prefix='${prefix}'
host='x86_64-pc-linux-gnu'
host_alias=''
host_cpu='x86_64'
host_os='linux-gnu'
host_vendor='pc'
htmldir='${docdir}'
includedir='${prefix}/include'
infodir='${datarootdir}/info'
install_sh='${SHELL} /var/www/html/ReactNative/public_html3/watchman/install-sh'
libdir='${exec_prefix}/lib'
libexecdir='${exec_prefix}/libexec'
localedir='${datarootdir}/locale'
localstatedir='${prefix}/var'
mandir='${datarootdir}/man'
mkdir_p='$(MKDIR_P)'
oldincludedir='/usr/include'
pdfdir='${docdir}'
pkgpyexecdir='${pyexecdir}/watchman'
pkgpythondir='${pythondir}/watchman'
prefix='/usr/local'
program_transform_name='s,x,x,'
psdir='${docdir}'
pyexecdir='${exec_prefix}/lib/python2.7/dist-packages'
pythondir='${prefix}/lib/python2.7/dist-packages'
runstatedir='${localstatedir}/run'
sbindir='${exec_prefix}/sbin'
sharedstatedir='${prefix}/com'
sysconfdir='${prefix}/etc'
target='x86_64-pc-linux-gnu'
target_alias=''
target_cpu='x86_64'
target_os='linux-gnu'
target_vendor='pc'

## ----------- ##
## confdefs.h. ##
## ----------- ##

/* confdefs.h */
#define PACKAGE_NAME "watchman"
#define PACKAGE_TARNAME "watchman"
#define PACKAGE_VERSION "4.7.0"
#define PACKAGE_STRING "watchman 4.7.0"
#define PACKAGE_BUGREPORT ""
#define PACKAGE_URL ""
#define PACKAGE "watchman"
#define VERSION "4.7.0"
#define STDC_HEADERS 1
#define HAVE_SYS_TYPES_H 1
#define HAVE_SYS_STAT_H 1
#define HAVE_STDLIB_H 1
#define HAVE_STRING_H 1
#define HAVE_MEMORY_H 1
#define HAVE_STRINGS_H 1
#define HAVE_INTTYPES_H 1
#define HAVE_STDINT_H 1
#define HAVE_UNISTD_H 1
#define WATCHMAN_CONFIG_FILE "/etc/watchman.json"
#define WATCHMAN_STATE_DIR "/usr/local/var/run/watchman"
#define HAVE_SYS_TYPES_H 1
#define HAVE_INTTYPES_H 1
#define HAVE_LOCALE_H 1
#define HAVE_SYS_INOTIFY_H 1
#define HAVE_SYS_SOCKET_H 1
#define HAVE_MKOSTEMP 1
#define HAVE_INOTIFY_INIT 1
#define HAVE_STRTOLL 1
#define HAVE_LOCALECONV 1
#define HAVE_STATFS 1
#define HAVE_ACCEPT4 1
#define HAVE_INOTIFY_INIT1 1
#define HAVE_OPENAT 1
#define HAVE_FDOPENDIR 1
#define HAVE_SYS_VFS_H 1
#define HAVE_SYS_PARAM_H 1
#define HAVE_SYS_MOUNT_H 1
#define HAVE_SYS_STATFS_H 1
#define HAVE_SYS_STATVFS_H 1
#define HAVE_EXECINFO_H 1
#define HAVE_SYS_RESOURCE_H 1
#define HAVE_BACKTRACE 1
#define HAVE_BACKTRACE_SYMBOLS 1
#define HAVE_BACKTRACE_SYMBOLS_FD 1
#define HAVE_SYS_SIGLIST 1
#define HAVE_MEMMEM 1

configure: exit 0
